{"contracts/NFT.sol":{"l":{"12":45},"path":"/Users/annschnabel/code/mvp-nft-highfives/contracts/NFT.sol","s":{"1":45},"b":{},"f":{"1":45},"fnMap":{"1":{"name":"constructor","line":11,"loc":{"start":{"line":11,"column":4},"end":{"line":13,"column":4}}}},"statementMap":{"1":{"start":{"line":12,"column":8},"end":{"line":12,"column":28}}},"branchMap":{}},"contracts/NftHighFives.sol":{"l":{"41":14,"45":13,"49":12,"53":11,"55":11,"59":7,"63":6,"67":5,"68":5,"70":5,"74":4,"78":3,"82":2,"84":2,"92":3},"path":"/Users/annschnabel/code/mvp-nft-highfives/contracts/NftHighFives.sol","s":{"1":14,"2":13,"3":12,"4":11,"5":7,"6":6,"7":5,"8":4,"9":3,"10":2,"11":3},"b":{"1":[13,1],"2":[12,1],"3":[11,1],"4":[6,1],"5":[5,1],"6":[3,1],"7":[2,1]},"f":{"1":14,"2":7,"3":4,"4":3},"fnMap":{"1":{"name":"initiateHighFive","line":36,"loc":{"start":{"line":36,"column":4},"end":{"line":56,"column":4}}},"2":{"name":"receiveHighFive","line":58,"loc":{"start":{"line":58,"column":4},"end":{"line":71,"column":4}}},"3":{"name":"rejectHighFive","line":73,"loc":{"start":{"line":73,"column":4},"end":{"line":85,"column":4}}},"4":{"name":"readData","line":87,"loc":{"start":{"line":87,"column":4},"end":{"line":96,"column":4}}}},"statementMap":{"1":{"start":{"line":41,"column":8},"end":{"line":41,"column":1014}},"2":{"start":{"line":45,"column":8},"end":{"line":45,"column":1130}},"3":{"start":{"line":49,"column":8},"end":{"line":49,"column":1248}},"4":{"start":{"line":55,"column":8},"end":{"line":55,"column":62}},"5":{"start":{"line":59,"column":8},"end":{"line":59,"column":1590}},"6":{"start":{"line":63,"column":8},"end":{"line":63,"column":1707}},"7":{"start":{"line":70,"column":8},"end":{"line":70,"column":62}},"8":{"start":{"line":74,"column":8},"end":{"line":74,"column":2119}},"9":{"start":{"line":78,"column":8},"end":{"line":78,"column":2236}},"10":{"start":{"line":84,"column":8},"end":{"line":84,"column":62}},"11":{"start":{"line":92,"column":8},"end":{"line":92,"column":2656}}},"branchMap":{"1":{"line":41,"type":"if","locations":[{"start":{"line":41,"column":8},"end":{"line":41,"column":8}},{"start":{"line":41,"column":8},"end":{"line":41,"column":8}}]},"2":{"line":45,"type":"if","locations":[{"start":{"line":45,"column":8},"end":{"line":45,"column":8}},{"start":{"line":45,"column":8},"end":{"line":45,"column":8}}]},"3":{"line":49,"type":"if","locations":[{"start":{"line":49,"column":8},"end":{"line":49,"column":8}},{"start":{"line":49,"column":8},"end":{"line":49,"column":8}}]},"4":{"line":59,"type":"if","locations":[{"start":{"line":59,"column":8},"end":{"line":59,"column":8}},{"start":{"line":59,"column":8},"end":{"line":59,"column":8}}]},"5":{"line":63,"type":"if","locations":[{"start":{"line":63,"column":8},"end":{"line":63,"column":8}},{"start":{"line":63,"column":8},"end":{"line":63,"column":8}}]},"6":{"line":74,"type":"if","locations":[{"start":{"line":74,"column":8},"end":{"line":74,"column":8}},{"start":{"line":74,"column":8},"end":{"line":74,"column":8}}]},"7":{"line":78,"type":"if","locations":[{"start":{"line":78,"column":8},"end":{"line":78,"column":8}},{"start":{"line":78,"column":8},"end":{"line":78,"column":8}}]}}}}